Using pre-set license

 COMMAND LINE ARGUMENTS:
/Applications/Unity/Hub/Editor/2020.3.5f1/Unity.app/Contents/MacOS/Unity
-adb2
-batchMode
-noUpm
-name
AssetImportWorker0
-projectPath
/Users/mr13/Desktop/LJP_UNITY/GameHouse
-logFile
Logs/AssetImportWorker0.log
-srvPort
52970
Successfully changed project path to: /Users/mr13/Desktop/LJP_UNITY/GameHouse
/Users/mr13/Desktop/LJP_UNITY/GameHouse
Using Asset Import Pipeline V2.
Refreshing native plugins compatible for Editor in 22.64 ms, found 1 plugins.
Preloading 0 native plugins for Editor in 0.00 ms.
Initialize engine version: 2020.3.5f1 (8095aa901b9b)
[Subsystems] Discovering subsystems at path /Applications/Unity/Hub/Editor/2020.3.5f1/Unity.app/Contents/Resources/UnitySubsystems
[Subsystems] Discovering subsystems at path /Users/mr13/Desktop/LJP_UNITY/GameHouse/Assets
GfxDevice: creating device client; threaded=0
2021-05-18 16:56:54.973 Unity[8531:297884] LG UltraFine preferred device: AMD Radeon Pro W5700X (high power)
2021-05-18 16:56:54.973 Unity[8531:297884] Metal devices available: 1
2021-05-18 16:56:54.973 Unity[8531:297884] 0: AMD Radeon Pro W5700X (high power)
2021-05-18 16:56:54.974 Unity[8531:297884] Using device AMD Radeon Pro W5700X (high power)
Initializing Metal device caps: AMD Radeon Pro W5700X
Initialize mono
Mono path[0] = '/Applications/Unity/Hub/Editor/2020.3.5f1/Unity.app/Contents/Managed'
Mono path[1] = '/Applications/Unity/Hub/Editor/2020.3.5f1/Unity.app/Contents/MonoBleedingEdge/lib/mono/unityjit'
Mono config path = '/Applications/Unity/Hub/Editor/2020.3.5f1/Unity.app/Contents/MonoBleedingEdge/etc'
Using monoOptions --debugger-agent=transport=dt_socket,embedding=1,server=y,suspend=n,address=127.0.0.1:56531
Begin MonoManager ReloadAssembly
Registering precompiled unity dll's ...
Register platform support module: /Applications/Unity/Hub/Editor/2020.3.5f1/Unity.app/Contents/PlaybackEngines/MacStandaloneSupport/UnityEditor.OSXStandalone.Extensions.dll
Registered in 0.000531 seconds.
Native extension for OSXStandalone target not found
Refreshing native plugins compatible for Editor in 23.73 ms, found 1 plugins.
Preloading 0 native plugins for Editor in 0.00 ms.
Mono: successfully reloaded assembly
- Completed reload, in  2.547 seconds
Platform modules already initialized, skipping
Registering precompiled user dll's ...
Registered in 0.000419 seconds.
Begin MonoManager ReloadAssembly
Native extension for OSXStandalone target not found
Refreshing native plugins compatible for Editor in 0.29 ms, found 1 plugins.
Preloading 0 native plugins for Editor in 0.00 ms.
Mono: successfully reloaded assembly
- Completed reload, in  0.899 seconds
Platform modules already initialized, skipping
========================================================================
Worker process is ready to serve import requests
Launching external process: /Applications/Unity/Hub/Editor/2020.3.5f1/Unity.app/Contents/Tools/UnityShaderCompiler
Launched and connected shader compiler UnityShaderCompiler after 0.01 seconds
Refreshing native plugins compatible for Editor in 0.28 ms, found 1 plugins.
Preloading 0 native plugins for Editor in 0.00 ms.
Unloading 1170 Unused Serialized files (Serialized files now loaded: 0)
System memory in use before: 134.3 MB.
System memory in use after: 134.4 MB.

Unloading 9 unused Assets to reduce memory usage. Loaded Objects now: 1630.
Total: 2.407340 ms (FindLiveObjects: 0.207536 ms CreateObjectMapping: 0.036926 ms MarkObjects: 2.052509 ms  DeleteObjects: 0.108707 ms)

========================================================================
Received Import Request.
  path: Assets/Scripts/SelectMenu.cs
  artifactKey: Guid(2d31d4d863b58e3468824e52bf57f8e2) Importer(815301076,1909f56bfc062723c751e8b465ee728b)
Start importing Assets/Scripts/SelectMenu.cs using Guid(2d31d4d863b58e3468824e52bf57f8e2) Importer(815301076,1909f56bfc062723c751e8b465ee728b)  -> (artifact id: '17a8cfe41cec98d43dd828858413910b') in 0.425013 seconds
  Import took 0.427259 seconds .

AssetImportWorkerClient::OnTransportError - code=2 error=End of file
